# JRE version: Java(TM) SE Runtime Environment (8.0_131-b11) (build 1.8.0_131-b11)
# Java VM: Java HotSpot(TM) 64-Bit Server VM (25.131-b11 mixed mode windows-amd64 compressed oops)
Heap:
 PSYoungGen      total 37888K, used 23927K [0x00000000d6600000, 0x00000000d9000000, 0x0000000100000000)
  eden space 32768K, 57% used [0x00000000d6600000,0x00000000d785f208,0x00000000d8600000)
  from space 5120K, 99% used [0x00000000d8b00000,0x00000000d8ffea10,0x00000000d9000000)
  to   space 5120K, 0% used [0x00000000d8600000,0x00000000d8600000,0x00000000d8b00000)
 ParOldGen       total 86016K, used 36234K [0x0000000083200000, 0x0000000088600000, 0x00000000d6600000)
  object space 86016K, 42% used [0x0000000083200000,0x00000000855629f8,0x0000000088600000)
 Metaspace       used 14065K, capacity 14682K, committed 14976K, reserved 1062912K
  class space    used 1908K, capacity 2090K, committed 2176K, reserved 1048576K
GC Heap History (4 events):
Event: 2.607 GC heap before
{Heap before GC invocations=1 (full 0):
 PSYoungGen      total 37888K, used 32768K [0x00000000d6600000, 0x00000000d9000000, 0x0000000100000000)
  eden space 32768K, 100% used [0x00000000d6600000,0x00000000d8600000,0x00000000d8600000)
  from space 5120K, 0% used [0x00000000d8b00000,0x00000000d8b00000,0x00000000d9000000)
  to   space 5120K, 0% used [0x00000000d8600000,0x00000000d8600000,0x00000000d8b00000)
 ParOldGen       total 86016K, used 0K [0x0000000083200000, 0x0000000088600000, 0x00000000d6600000)
  object space 86016K, 0% used [0x0000000083200000,0x0000000083200000,0x0000000088600000)
 Metaspace       used 13403K, capacity 13870K, committed 14080K, reserved 1060864K
  class space    used 1804K, capacity 1930K, committed 2048K, reserved 1048576K
Event: 2.613 GC heap after
Heap after GC invocations=1 (full 0):
 PSYoungGen      total 37888K, used 3833K [0x00000000d6600000, 0x00000000d9000000, 0x0000000100000000)
  eden space 32768K, 0% used [0x00000000d6600000,0x00000000d6600000,0x00000000d8600000)
  from space 5120K, 74% used [0x00000000d8600000,0x00000000d89be530,0x00000000d8b00000)
  to   space 5120K, 0% used [0x00000000d8b00000,0x00000000d8b00000,0x00000000d9000000)
 ParOldGen       total 86016K, used 8180K [0x0000000083200000, 0x0000000088600000, 0x00000000d6600000)
  object space 86016K, 9% used [0x0000000083200000,0x00000000839fd020,0x0000000088600000)
 Metaspace       used 13403K, capacity 13870K, committed 14080K, reserved 1060864K
  class space    used 1804K, capacity 1930K, committed 2048K, reserved 1048576K
}
Event: 3.009 GC heap before
{Heap before GC invocations=2 (full 0):
 PSYoungGen      total 37888K, used 36601K [0x00000000d6600000, 0x00000000d9000000, 0x0000000100000000)
  eden space 32768K, 100% used [0x00000000d6600000,0x00000000d8600000,0x00000000d8600000)
  from space 5120K, 74% used [0x00000000d8600000,0x00000000d89be530,0x00000000d8b00000)
  to   space 5120K, 0% used [0x00000000d8b00000,0x00000000d8b00000,0x00000000d9000000)
 ParOldGen       total 86016K, used 8180K [0x0000000083200000, 0x0000000088600000, 0x00000000d6600000)
  object space 86016K, 9% used [0x0000000083200000,0x00000000839fd020,0x0000000088600000)
 Metaspace       used 13796K, capacity 14262K, committed 14336K, reserved 1060864K
  class space    used 1863K, capacity 2018K, committed 2048K, reserved 1048576K
Event: 3.025 GC heap after
Heap after GC invocations=2 (full 0):
 PSYoungGen      total 37888K, used 5114K [0x00000000d6600000, 0x00000000d9000000, 0x0000000100000000)
  eden space 32768K, 0% used [0x00000000d6600000,0x00000000d6600000,0x00000000d8600000)
  from space 5120K, 99% used [0x00000000d8b00000,0x00000000d8ffea10,0x00000000d9000000)
  to   space 5120K, 0% used [0x00000000d8600000,0x00000000d8600000,0x00000000d8b00000)
 ParOldGen       total 86016K, used 36234K [0x0000000083200000, 0x0000000088600000, 0x00000000d6600000)
  object space 86016K, 42% used [0x0000000083200000,0x00000000855629f8,0x0000000088600000)
 Metaspace       used 13796K, capacity 14262K, committed 14336K, reserved 1060864K
  class space    used 1863K, capacity 2018K, committed 2048K, reserved 1048576K
}

