# JRE version: Java(TM) SE Runtime Environment (8.0_131-b11) (build 1.8.0_131-b11)
# Java VM: Java HotSpot(TM) 64-Bit Server VM (25.131-b11 mixed mode windows-amd64 compressed oops)
Heap:
 PSYoungGen      total 37888K, used 10913K [0x00000000d6600000, 0x00000000db000000, 0x0000000100000000)
  eden space 32768K, 17% used [0x00000000d6600000,0x00000000d6ba8bb8,0x00000000d8600000)
  from space 5120K, 99% used [0x00000000d8b00000,0x00000000d8fff970,0x00000000d9000000)
  to   space 5120K, 0% used [0x00000000d8600000,0x00000000d8600000,0x00000000d8b00000)
 ParOldGen       total 86016K, used 36368K [0x0000000083200000, 0x0000000088600000, 0x00000000d6600000)
  object space 86016K, 42% used [0x0000000083200000,0x0000000085584088,0x0000000088600000)
 Metaspace       used 13926K, capacity 14454K, committed 14720K, reserved 1062912K
  class space    used 1899K, capacity 2086K, committed 2176K, reserved 1048576K
GC Heap History (4 events):
Event: 1.751 GC heap before
{Heap before GC invocations=1 (full 0):
 PSYoungGen      total 37888K, used 32757K [0x00000000d6600000, 0x00000000d9000000, 0x0000000100000000)
  eden space 32768K, 99% used [0x00000000d6600000,0x00000000d85fd508,0x00000000d8600000)
  from space 5120K, 0% used [0x00000000d8b00000,0x00000000d8b00000,0x00000000d9000000)
  to   space 5120K, 0% used [0x00000000d8600000,0x00000000d8600000,0x00000000d8b00000)
 ParOldGen       total 86016K, used 0K [0x0000000083200000, 0x0000000088600000, 0x00000000d6600000)
  object space 86016K, 0% used [0x0000000083200000,0x0000000083200000,0x0000000088600000)
 Metaspace       used 13364K, capacity 13850K, committed 14080K, reserved 1060864K
  class space    used 1807K, capacity 1930K, committed 2048K, reserved 1048576K
Event: 1.758 GC heap after
Heap after GC invocations=1 (full 0):
 PSYoungGen      total 37888K, used 3721K [0x00000000d6600000, 0x00000000d9000000, 0x0000000100000000)
  eden space 32768K, 0% used [0x00000000d6600000,0x00000000d6600000,0x00000000d8600000)
  from space 5120K, 72% used [0x00000000d8600000,0x00000000d89a2540,0x00000000d8b00000)
  to   space 5120K, 0% used [0x00000000d8b00000,0x00000000d8b00000,0x00000000d9000000)
 ParOldGen       total 86016K, used 8180K [0x0000000083200000, 0x0000000088600000, 0x00000000d6600000)
  object space 86016K, 9% used [0x0000000083200000,0x00000000839fd020,0x0000000088600000)
 Metaspace       used 13364K, capacity 13850K, committed 14080K, reserved 1060864K
  class space    used 1807K, capacity 1930K, committed 2048K, reserved 1048576K
}
Event: 2.100 GC heap before
{Heap before GC invocations=2 (full 0):
 PSYoungGen      total 37888K, used 36439K [0x00000000d6600000, 0x00000000d9000000, 0x0000000100000000)
  eden space 32768K, 99% used [0x00000000d6600000,0x00000000d85f3a78,0x00000000d8600000)
  from space 5120K, 72% used [0x00000000d8600000,0x00000000d89a2540,0x00000000d8b00000)
  to   space 5120K, 0% used [0x00000000d8b00000,0x00000000d8b00000,0x00000000d9000000)
 ParOldGen       total 86016K, used 8180K [0x0000000083200000, 0x0000000088600000, 0x00000000d6600000)
  object space 86016K, 9% used [0x0000000083200000,0x00000000839fd020,0x0000000088600000)
 Metaspace       used 13746K, capacity 14246K, committed 14336K, reserved 1060864K
  class space    used 1863K, capacity 2018K, committed 2048K, reserved 1048576K
Event: 2.119 GC heap after
Heap after GC invocations=2 (full 0):
 PSYoungGen      total 37888K, used 5118K [0x00000000d6600000, 0x00000000db000000, 0x0000000100000000)
  eden space 32768K, 0% used [0x00000000d6600000,0x00000000d6600000,0x00000000d8600000)
  from space 5120K, 99% used [0x00000000d8b00000,0x00000000d8fff970,0x00000000d9000000)
  to   space 5120K, 0% used [0x00000000d8600000,0x00000000d8600000,0x00000000d8b00000)
 ParOldGen       total 86016K, used 36368K [0x0000000083200000, 0x0000000088600000, 0x00000000d6600000)
  object space 86016K, 42% used [0x0000000083200000,0x0000000085584088,0x0000000088600000)
 Metaspace       used 13746K, capacity 14246K, committed 14336K, reserved 1060864K
  class space    used 1863K, capacity 2018K, committed 2048K, reserved 1048576K
}

